\BOOKMARK [0][-]{chapter.1}{Unidad 1.1 Aspectos generales de programación y algoritmos}{}% 1
\BOOKMARK [1][-]{section.1.1}{Complejidad\040de\040algoritmos}{chapter.1}% 2
\BOOKMARK [2][-]{subsection.1.1.1}{¿Qué es un algoritmo?}{section.1.1}% 3
\BOOKMARK [2][-]{subsection.1.1.2}{Notación Big-O}{section.1.1}% 4
\BOOKMARK [2][-]{subsection.1.1.3}{Serie\040de\040Fibonacci\040y\040complejidad\040exponencial}{section.1.1}% 5
\BOOKMARK [2][-]{subsection.1.1.4}{Notación Big-O y tiempo de computación}{section.1.1}% 6
\BOOKMARK [1][-]{section.1.2}{Representación binaria y errores de reondeo}{chapter.1}% 7
\BOOKMARK [2][-]{subsection.1.2.1}{Redondeo\040en\040variables\040tipo\040float}{section.1.2}% 8
\BOOKMARK [2][-]{subsection.1.2.2}{Errores\040de\040redondeo\040en\040variables\040tipo\040float}{section.1.2}% 9
\BOOKMARK [2][-]{subsection.1.2.3}{Acumulacion\040de\040errores\040de\040reondeo}{section.1.2}% 10
\BOOKMARK [1][-]{section.1.3}{Identificación de errores y debugging}{chapter.1}% 11
\BOOKMARK [1][-]{section.1.4}{Referencias}{chapter.1}% 12
\BOOKMARK [0][-]{chapter.2}{1.2\040Algebra\040lineal\040y\040sistemas\040de\040ecuaciones\040lineales}{}% 13
\BOOKMARK [1][-]{section.2.1}{Introducción a los sistemas de ecuaciones lineales}{chapter.2}% 14
\BOOKMARK [2][-]{subsection.2.1.1}{Definición general}{section.2.1}% 15
\BOOKMARK [2][-]{subsection.2.1.2}{Representación matricial}{section.2.1}% 16
\BOOKMARK [2][-]{subsection.2.1.3}{Repaso\040de\040matrices}{section.2.1}% 17
\BOOKMARK [2][-]{subsection.2.1.4}{Representación en python}{section.2.1}% 18
\BOOKMARK [2][-]{subsection.2.1.5}{Caracterización de sistemas de ecuaciones lineales}{section.2.1}% 19
\BOOKMARK [1][-]{section.2.2}{Métodos de solución directos}{chapter.2}% 20
\BOOKMARK [2][-]{subsection.2.2.1}{Eliminación de Gauss}{section.2.2}% 21
\BOOKMARK [2][-]{subsection.2.2.2}{Factorización LU}{section.2.2}% 22
\BOOKMARK [1][-]{section.2.3}{Métodos iterativos}{chapter.2}% 23
\BOOKMARK [2][-]{subsection.2.3.1}{Gauss-Seidel}{section.2.3}% 24
\BOOKMARK [1][-]{section.2.4}{Solución de sistemas de ecuaciones lineales con python}{chapter.2}% 25
\BOOKMARK [1][-]{section.2.5}{Referencias}{chapter.2}% 26
